<?xml version="1.0" encoding="UTF-8"?>
<coverage generated="1583346582774" clover="3.2.0">
  <project timestamp="1583346582774" name="All files">
    <metrics statements="19" coveredstatements="9" conditionals="6" coveredconditionals="1" methods="8" coveredmethods="3" elements="33" coveredelements="13" complexity="0" loc="19" ncloc="19" packages="1" files="2" classes="2"/>
    <file name="readsfile.js" path="/home/laboratoria-175/proyectos/GDL004-md-links/readsfile.js">
      <metrics statements="6" coveredstatements="6" conditionals="2" coveredconditionals="1" methods="3" coveredmethods="3"/>
      <line num="1" count="1" type="stmt"/>
      <line num="2" count="1" type="stmt"/>
      <line num="3" count="3" type="stmt"/>
      <line num="4" count="3" type="stmt"/>
      <line num="5" count="2" type="cond" truecount="1" falsecount="1"/>
      <line num="6" count="2" type="stmt"/>
    </file>
    <file name="validate.js" path="/home/laboratoria-175/proyectos/GDL004-md-links/validate.js">
      <metrics statements="13" coveredstatements="3" conditionals="4" coveredconditionals="0" methods="5" coveredmethods="0"/>
      <line num="1" count="1" type="stmt"/>
      <line num="2" count="1" type="stmt"/>
      <line num="3" count="1" type="stmt"/>
      <line num="4" count="0" type="stmt"/>
      <line num="5" count="0" type="stmt"/>
      <line num="6" count="0" type="stmt"/>
      <line num="8" count="0" type="cond" truecount="0" falsecount="4"/>
      <line num="9" count="0" type="stmt"/>
      <line num="12" count="0" type="stmt"/>
      <line num="14" count="0" type="stmt"/>
      <line num="17" count="0" type="stmt"/>
      <line num="19" count="0" type="stmt"/>
      <line num="22" count="0" type="stmt"/>
    </file>
  </project>
</coverage>
