{"/home/laboratoria-175/proyectos/GDL004-md-links/readsfile.js": {"path":"/home/laboratoria-175/proyectos/GDL004-md-links/readsfile.js","statementMap":{"0":{"start":{"line":1,"column":11},"end":{"line":1,"column":24}},"1":{"start":{"line":2,"column":0},"end":{"line":10,"column":2}},"2":{"start":{"line":3,"column":2},"end":{"line":9,"column":5}},"3":{"start":{"line":4,"column":4},"end":{"line":8,"column":7}},"4":{"start":{"line":5,"column":6},"end":{"line":5,"column":49}},"5":{"start":{"line":5,"column":17},"end":{"line":5,"column":49}},"6":{"start":{"line":6,"column":6},"end":{"line":6,"column":23}}},"fnMap":{"0":{"name":"(anonymous_0)","decl":{"start":{"line":2,"column":32},"end":{"line":2,"column":33}},"loc":{"start":{"line":2,"column":43},"end":{"line":10,"column":1}},"line":2},"1":{"name":"(anonymous_1)","decl":{"start":{"line":3,"column":21},"end":{"line":3,"column":22}},"loc":{"start":{"line":3,"column":42},"end":{"line":9,"column":3}},"line":3},"2":{"name":"(anonymous_2)","decl":{"start":{"line":4,"column":32},"end":{"line":4,"column":33}},"loc":{"start":{"line":4,"column":52},"end":{"line":8,"column":5}},"line":4}},"branchMap":{"0":{"loc":{"start":{"line":5,"column":6},"end":{"line":5,"column":49}},"type":"if","locations":[{"start":{"line":5,"column":6},"end":{"line":5,"column":49}},{"start":{"line":5,"column":6},"end":{"line":5,"column":49}}],"line":5}},"s":{"0":1,"1":1,"2":3,"3":3,"4":2,"5":0,"6":2},"f":{"0":3,"1":3,"2":2},"b":{"0":[0,2]},"_coverageSchema":"1a1c01bbd47fc00a2c39e90264f33305004495a9","hash":"fca401b862b326c6e25f3579a217818c0e0a2f1f"}
,"/home/laboratoria-175/proyectos/GDL004-md-links/validate.js": {"path":"/home/laboratoria-175/proyectos/GDL004-md-links/validate.js","statementMap":{"0":{"start":{"line":1,"column":14},"end":{"line":1,"column":30}},"1":{"start":{"line":2,"column":14},"end":{"line":2,"column":35}},"2":{"start":{"line":3,"column":0},"end":{"line":23,"column":2}},"3":{"start":{"line":4,"column":19},"end":{"line":4,"column":42}},"4":{"start":{"line":5,"column":2},"end":{"line":21,"column":5}},"5":{"start":{"line":6,"column":4},"end":{"line":20,"column":88}},"6":{"start":{"line":8,"column":8},"end":{"line":18,"column":9}},"7":{"start":{"line":9,"column":27},"end":{"line":11,"column":59}},"8":{"start":{"line":12,"column":10},"end":{"line":12,"column":34}},"9":{"start":{"line":14,"column":28},"end":{"line":16,"column":58}},"10":{"start":{"line":17,"column":10},"end":{"line":17,"column":35}},"11":{"start":{"line":19,"column":26},"end":{"line":20,"column":86}},"12":{"start":{"line":22,"column":2},"end":{"line":22,"column":43}},"13":{"start":{"line":22,"column":24},"end":{"line":22,"column":41}}},"fnMap":{"0":{"name":"(anonymous_0)","decl":{"start":{"line":3,"column":31},"end":{"line":3,"column":32}},"loc":{"start":{"line":3,"column":47},"end":{"line":23,"column":1}},"line":3},"1":{"name":"(anonymous_1)","decl":{"start":{"line":5,"column":17},"end":{"line":5,"column":18}},"loc":{"start":{"line":5,"column":30},"end":{"line":21,"column":3}},"line":5},"2":{"name":"(anonymous_2)","decl":{"start":{"line":7,"column":12},"end":{"line":7,"column":13}},"loc":{"start":{"line":7,"column":24},"end":{"line":19,"column":7}},"line":7},"3":{"name":"(anonymous_3)","decl":{"start":{"line":19,"column":15},"end":{"line":19,"column":16}},"loc":{"start":{"line":19,"column":26},"end":{"line":20,"column":86}},"line":19},"4":{"name":"(anonymous_4)","decl":{"start":{"line":22,"column":16},"end":{"line":22,"column":17}},"loc":{"start":{"line":22,"column":24},"end":{"line":22,"column":41}},"line":22}},"branchMap":{"0":{"loc":{"start":{"line":8,"column":8},"end":{"line":18,"column":9}},"type":"if","locations":[{"start":{"line":8,"column":8},"end":{"line":18,"column":9}},{"start":{"line":8,"column":8},"end":{"line":18,"column":9}}],"line":8},"1":{"loc":{"start":{"line":8,"column":12},"end":{"line":8,"column":59}},"type":"binary-expr","locations":[{"start":{"line":8,"column":12},"end":{"line":8,"column":34}},{"start":{"line":8,"column":38},"end":{"line":8,"column":59}}],"line":8}},"s":{"0":1,"1":1,"2":1,"3":0,"4":0,"5":0,"6":0,"7":0,"8":0,"9":0,"10":0,"11":0,"12":0,"13":0},"f":{"0":0,"1":0,"2":0,"3":0,"4":0},"b":{"0":[0,0],"1":[0,0]},"_coverageSchema":"1a1c01bbd47fc00a2c39e90264f33305004495a9","hash":"b68e408bb08997a6ab8b9e730464be5405d9b707"}
}
